[INFO  - 2017-11-16T13:54:55.106Z] GhostDriver - Main - running on port 20981
[INFO  - 2017-11-16T13:54:55.705Z] Session [ba165500-cad5-11e7-aaa2-6f916c1ee870] - page.settings - {"XSSAuditingEnabled":false,"javascriptCanCloseWindows":true,"javascriptCanOpenWindows":true,"javascriptEnabled":true,"loadImages":true,"localToRemoteUrlAccessEnabled":false,"userAgent":"Mozilla/5.0 (Windows NT 6.1; WOW64) AppleWebKit/538.1 (KHTML, like Gecko) PhantomJS/2.1.1 Safari/538.1","webSecurityEnabled":true}
[INFO  - 2017-11-16T13:54:55.706Z] Session [ba165500-cad5-11e7-aaa2-6f916c1ee870] - page.customHeaders:  - {}
[INFO  - 2017-11-16T13:54:55.706Z] Session [ba165500-cad5-11e7-aaa2-6f916c1ee870] - Session.negotiatedCapabilities - {"browserName":"phantomjs","version":"2.1.1","driverName":"ghostdriver","driverVersion":"1.2.0","platform":"windows-7-32bit","javascriptEnabled":true,"takesScreenshot":true,"handlesAlerts":false,"databaseEnabled":false,"locationContextEnabled":false,"applicationCacheEnabled":false,"browserConnectionEnabled":false,"cssSelectorsEnabled":true,"webStorageEnabled":false,"rotatable":false,"acceptSslCerts":false,"nativeEvents":true,"proxy":{"proxyType":"direct"}}
[INFO  - 2017-11-16T13:54:55.707Z] SessionManagerReqHand - _postNewSessionCommand - New Session Created: ba165500-cad5-11e7-aaa2-6f916c1ee870
[ERROR - 2017-11-16T13:55:11.923Z] Session [ba165500-cad5-11e7-aaa2-6f916c1ee870] - page.onError - msg: ReferenceError: Can't find variable: Map
[ERROR - 2017-11-16T13:55:11.924Z] Session [ba165500-cad5-11e7-aaa2-6f916c1ee870] - page.onError - stack:
  a (https://d21954r9u4dvgj.cloudfront.net/atl-vertigo--shard-jira-prod-us-10--2--jres.atlassian.net/s/d41d8cd98f00b204e9800998ecf8427e-CDN/-lzh200/b/a/a24550bdf495d3364af6c3875db80f21/_/download/contextbatch/js/atl.dashboard,atl.general,jira.global,jira.dashboard,jira.general,atl.global,-_super/batch.js?agile_global_admin_condition=true&devsummary=true&jag=true&locale=zh-CN:192)
  (anonymous function) (https://d21954r9u4dvgj.cloudfront.net/atl-vertigo--shard-jira-prod-us-10--2--jres.atlassian.net/s/d41d8cd98f00b204e9800998ecf8427e-CDN/-lzh200/b/a/a24550bdf495d3364af6c3875db80f21/_/download/contextbatch/js/atl.dashboard,atl.general,jira.global,jira.dashboard,jira.general,atl.global,-_super/batch.js?agile_global_admin_condition=true&devsummary=true&jag=true&locale=zh-CN:193)
  (anonymous function) (https://d21954r9u4dvgj.cloudfront.net/atl-vertigo--shard-jira-prod-us-10--2--jres.atlassian.net/s/d41d8cd98f00b204e9800998ecf8427e-CDN/-lzh200/b/a/a24550bdf495d3364af6c3875db80f21/_/download/contextbatch/js/atl.dashboard,atl.general,jira.global,jira.dashboard,jira.general,atl.global,-_super/batch.js?agile_global_admin_condition=true&devsummary=true&jag=true&locale=zh-CN:109)
[ERROR - 2017-11-16T13:55:11.925Z] Session [ba165500-cad5-11e7-aaa2-6f916c1ee870] - page.onError - msg: ReferenceError: Can't find variable: Calendar
[ERROR - 2017-11-16T13:55:11.925Z] Session [ba165500-cad5-11e7-aaa2-6f916c1ee870] - page.onError - stack:
  global code (https://d21954r9u4dvgj.cloudfront.net/atl-vertigo--shard-jira-prod-us-10--2--jres.atlassian.net/s/d41d8cd98f00b204e9800998ecf8427e-CDN/-lzh200/b/a/9053819a39863f3e4df9122ac9ed0b9e/_/download/batch/jira.webresources:calendar-zh/jira.webresources:calendar-zh.js:3)
[ERROR - 2017-11-16T13:55:34.666Z] Session [ba165500-cad5-11e7-aaa2-6f916c1ee870] - page.onError - msg: messages.load.failed - {"error":"unknown error occurred during Hermes Messages initialization"}
[ERROR - 2017-11-16T13:55:34.667Z] Session [ba165500-cad5-11e7-aaa2-6f916c1ee870] - page.onError - stack:
  o (https://aes-artifacts--cdn.us-east-1.prod.public.atl-paas.net/hashed/kBXkb-gOli5nUovcWJynTOv8Gju2mnmImj1g0M7uVEc/variation-1/main.js:1)
[ERROR - 2017-11-16T13:55:34.676Z] Session [ba165500-cad5-11e7-aaa2-6f916c1ee870] - page.onError - msg: Uncaught (in promise) unknown error occurred during Hermes Messages initialization

[ERROR - 2017-11-16T13:55:34.677Z] Session [ba165500-cad5-11e7-aaa2-6f916c1ee870] - page.onError - stack:
  unhandledRejection (https://aes-artifacts--cdn.us-east-1.prod.public.atl-paas.net/hashed/kBXkb-gOli5nUovcWJynTOv8Gju2mnmImj1g0M7uVEc/variation-1/main.js:1)
[ERROR - 2017-11-16T13:55:47.234Z] WebElementLocator - _handleLocateCommand - Element(s) NOT Found: GAVE UP. Search Stop Time: 1510840547176
[INFO  - 2017-11-16T13:59:55.110Z] SessionManagerReqHand - _cleanupWindowlessSessions - Asynchronous Sessions clean-up phase starting NOW
[INFO  - 2017-11-16T14:04:55.153Z] SessionManagerReqHand - _cleanupWindowlessSessions - Asynchronous Sessions clean-up phase starting NOW
[INFO  - 2017-11-16T14:09:55.153Z] SessionManagerReqHand - _cleanupWindowlessSessions - Asynchronous Sessions clean-up phase starting NOW
[INFO  - 2017-11-16T14:14:55.191Z] SessionManagerReqHand - _cleanupWindowlessSessions - Asynchronous Sessions clean-up phase starting NOW
[INFO  - 2017-11-16T14:19:55.191Z] SessionManagerReqHand - _cleanupWindowlessSessions - Asynchronous Sessions clean-up phase starting NOW
[INFO  - 2017-11-16T14:24:55.232Z] SessionManagerReqHand - _cleanupWindowlessSessions - Asynchronous Sessions clean-up phase starting NOW
[INFO  - 2017-11-16T14:29:55.231Z] SessionManagerReqHand - _cleanupWindowlessSessions - Asynchronous Sessions clean-up phase starting NOW
[INFO  - 2017-11-16T14:34:55.268Z] SessionManagerReqHand - _cleanupWindowlessSessions - Asynchronous Sessions clean-up phase starting NOW
[INFO  - 2017-11-16T14:39:55.268Z] SessionManagerReqHand - _cleanupWindowlessSessions - Asynchronous Sessions clean-up phase starting NOW
[INFO  - 2017-11-16T14:44:55.307Z] SessionManagerReqHand - _cleanupWindowlessSessions - Asynchronous Sessions clean-up phase starting NOW
[INFO  - 2017-11-16T14:49:55.306Z] SessionManagerReqHand - _cleanupWindowlessSessions - Asynchronous Sessions clean-up phase starting NOW
[INFO  - 2017-11-16T14:54:55.345Z] SessionManagerReqHand - _cleanupWindowlessSessions - Asynchronous Sessions clean-up phase starting NOW
[INFO  - 2017-11-16T14:59:55.345Z] SessionManagerReqHand - _cleanupWindowlessSessions - Asynchronous Sessions clean-up phase starting NOW
[INFO  - 2017-11-16T15:04:55.384Z] SessionManagerReqHand - _cleanupWindowlessSessions - Asynchronous Sessions clean-up phase starting NOW
[INFO  - 2017-11-16T15:09:55.385Z] SessionManagerReqHand - _cleanupWindowlessSessions - Asynchronous Sessions clean-up phase starting NOW
[INFO  - 2017-11-16T15:14:55.424Z] SessionManagerReqHand - _cleanupWindowlessSessions - Asynchronous Sessions clean-up phase starting NOW
[INFO  - 2017-11-16T15:19:55.424Z] SessionManagerReqHand - _cleanupWindowlessSessions - Asynchronous Sessions clean-up phase starting NOW
[INFO  - 2017-11-16T15:24:55.462Z] SessionManagerReqHand - _cleanupWindowlessSessions - Asynchronous Sessions clean-up phase starting NOW
[INFO  - 2017-11-16T15:29:55.462Z] SessionManagerReqHand - _cleanupWindowlessSessions - Asynchronous Sessions clean-up phase starting NOW
[INFO  - 2017-11-16T15:34:55.501Z] SessionManagerReqHand - _cleanupWindowlessSessions - Asynchronous Sessions clean-up phase starting NOW
[INFO  - 2017-11-16T15:39:55.501Z] SessionManagerReqHand - _cleanupWindowlessSessions - Asynchronous Sessions clean-up phase starting NOW
[INFO  - 2017-11-16T15:44:55.539Z] SessionManagerReqHand - _cleanupWindowlessSessions - Asynchronous Sessions clean-up phase starting NOW
[INFO  - 2017-11-16T15:49:55.539Z] SessionManagerReqHand - _cleanupWindowlessSessions - Asynchronous Sessions clean-up phase starting NOW
[INFO  - 2017-11-16T15:54:55.578Z] SessionManagerReqHand - _cleanupWindowlessSessions - Asynchronous Sessions clean-up phase starting NOW
[INFO  - 2017-11-16T15:59:55.578Z] SessionManagerReqHand - _cleanupWindowlessSessions - Asynchronous Sessions clean-up phase starting NOW
[INFO  - 2017-11-16T16:04:55.616Z] SessionManagerReqHand - _cleanupWindowlessSessions - Asynchronous Sessions clean-up phase starting NOW
[INFO  - 2017-11-16T16:09:55.617Z] SessionManagerReqHand - _cleanupWindowlessSessions - Asynchronous Sessions clean-up phase starting NOW
[INFO  - 2017-11-16T16:14:55.657Z] SessionManagerReqHand - _cleanupWindowlessSessions - Asynchronous Sessions clean-up phase starting NOW
[INFO  - 2017-11-16T22:18:04.824Z] SessionManagerReqHand - _cleanupWindowlessSessions - Asynchronous Sessions clean-up phase starting NOW
[INFO  - 2017-11-17T02:53:39.919Z] SessionManagerReqHand - _cleanupWindowlessSessions - Asynchronous Sessions clean-up phase starting NOW
[INFO  - 2017-11-17T02:58:38.513Z] SessionManagerReqHand - _cleanupWindowlessSessions - Asynchronous Sessions clean-up phase starting NOW
[INFO  - 2017-11-17T03:03:38.515Z] SessionManagerReqHand - _cleanupWindowlessSessions - Asynchronous Sessions clean-up phase starting NOW
essions - Asynchronous Sessions clean-up phase starting NOW
[INFO  - 2017-11-16T14:06:55.664Z] SessionManagerReqHand - _cleanupWindowlessSessions - Asynchronous Sessions clean-up phase starting NOW
[INFO  - 2017-11-16T14:11:55.663Z] SessionManagerReqHand - _cleanupWindowlessSessions - Asynchronous Sessions clean-up phase starting NOW
[INFO  - 2017-11-16T14:16:55.702Z] SessionManagerReqHand - _cleanupWindowlessSessions - Asynchronous Sessions clean-up phase starting NOW
[INFO  - 2017-11-16T14:21:55.702Z] SessionManagerReqHand - _cleanupWindowlessSessions - Asynchronous Sessions clean-up phase starting NOW
[INFO  - 2017-11-16T14:26:55.741Z] SessionManagerReqHand - _cleanupWindowlessSessions - Asynchronous Sessions clean-up phase starting NOW
[INFO  - 2017-11-16T14:31:55.742Z] SessionManagerReqHand - _cleanupWindowlessSessions - Asynchronous Sessions clean-up phase starting NOW
[INFO  - 2017-11-16T14:36:55.779Z] SessionManagerReqHand - _cleanupWindowlessSessions - Asynchronous Sessions clean-up phase starting NOW
[INFO  - 2017-11-16T14:41:55.779Z] SessionManagerReqHand - _cleanupWindowlessSessions - Asynchronous Sessions clean-up phase starting NOW
[INFO  - 2017-11-16T14:46:55.818Z] SessionManagerReqHand - _cleanupWindowlessSessions - Asynchronous Sessions clean-up phase starting NOW
[INFO  - 2017-11-16T14:51:55.818Z] SessionManagerReqHand - _cleanupWindowlessSessions - Asynchronous Sessions clean-up phase starting NOW
[INFO  - 2017-11-16T14:56:55.857Z] SessionManagerReqHand - _cleanupWindowlessSessions - Asynchronous Sessions clean-up phase starting NOW
[INFO  - 2017-11-16T15:01:55.857Z] SessionManagerReqHand - _cleanupWindowlessSessions - Asynchronous Sessions clean-up phase starting NOW
[INFO  - 2017-11-16T15:06:55.895Z] SessionManagerReqHand - _cleanupWindowlessSessions - Asynchronous Sessions clean-up phase starting NOW
[INFO  - 2017-11-16T15:11:55.896Z] SessionManagerReqHand - _cleanupWindowlessSessions - Asynchronous Sessions clean-up phase starting NOW
[INFO  - 2017-11-16T15:16:55.934Z] SessionManagerReqHand - _cleanupWindowlessSessions - Asynchronous Sessions clean-up phase starting NOW
[INFO  - 2017-11-16T15:21:55.934Z] SessionManagerReqHand - _cleanupWindowlessSessions - Asynchronous Sessions clean-up phase starting NOW
[INFO  - 2017-11-16T15:26:55.973Z] SessionManagerReqHand - _cleanupWindowlessSessions - Asynchronous Sessions clean-up phase starting NOW
[INFO  - 2017-11-16T15:31:55.973Z] SessionManagerReqHand - _cleanupWindowlessSessions - Asynchronous Sessions clean-up phase starting NOW
[INFO  - 2017-11-16T15:36:56.015Z] SessionManagerReqHand - _cleanupWindowlessSessions - Asynchronous Sessions clean-up phase starting NOW
[INFO  - 2017-11-16T15:41:56.014Z] SessionManagerReqHand - _cleanupWindowlessSessions - Asynchronous Sessions clean-up phase starting NOW
[INFO  - 2017-11-16T15:46:56.054Z] SessionManagerReqHand - _cleanupWindowlessSessions - Asynchronous Sessions clean-up phase starting NOW
[INFO  - 2017-11-16T15:51:56.053Z] SessionManagerReqHand - _cleanupWindowlessSessions - Asynchronous Sessions clean-up phase starting NOW
[INFO  - 2017-11-16T15:56:56.092Z] SessionManagerReqHand - _cleanupWindowlessSessions - Asynchronous Sessions clean-up phase starting NOW
[INFO  - 2017-11-16T16:01:56.091Z] SessionManagerReqHand - _cleanupWindowlessSessions - Asynchronous Sessions clean-up phase starting NOW
[INFO  - 2017-11-16T16:06:56.130Z] SessionManagerReqHand - _cleanupWindowlessSessions - Asynchronous Sessions clean-up phase starting NOW
[INFO  - 2017-11-16T16:11:56.130Z] SessionManagerReqHand - _cleanupWindowlessSessions - Asynchronous Sessions clean-up phase starting NOW
[INFO  - 2017-11-16T16:16:56.168Z] SessionManagerReqHand - _cleanupWindowlessSessions - Asynchronous Sessions clean-up phase starting NOW
[INFO  - 2017-11-16T22:18:04.825Z] SessionManagerReqHand - _cleanupWindowlessSessions - Asynchronous Sessions clean-up phase starting NOW
[INFO  - 2017-11-17T02:53:39.741Z] SessionManagerReqHand - _cleanupWindowlessSessions - Asynchronous Sessions clean-up phase starting NOW
[INFO  - 2017-11-17T02:58:38.513Z] SessionManagerReqHand - _cleanupWindowlessSessions - Asynchronous Sessions clean-up phase starting NOW
[INFO  - 2017-11-17T03:03:38.514Z] SessionManagerReqHand - _cleanupWindowlessSessions - Asynchronous Sessions clean-up phase starting NOW
